<?xml version="1.0" encoding="UTF-8"?>
<!-- Generated by org.testng.reporters.JUnitXMLReporter -->
<testsuite ignored="1" hostname="selvakumarsMini" failures="0" tests="4" name="Test" time="37.08" errors="0" timestamp="2024-01-24T23:41:21 GMT">
  <testcase classname="com.testcases.LoginPageTest" name="verifyInValidLogin" time="0.807"/>
  <testcase classname="com.testcases.LoginPageTest" name="verifyLogin" time="1.004"/>
  <testcase classname="com.testcases.LoginPageTest" name="verifyLogin" time="20.969"/>
  <testcase classname="com.testcases.LoginPageTest" name="verifyValidLogin" time="0.938"/>
  <testcase classname="com.base.WebApplicationBase" name="@BeforeSuite getBrowserURL" time="0.0">
    <ignored/>
  </testcase> <!-- @BeforeSuite getBrowserURL -->
</testsuite> <!-- Test -->
