<?xml version="1.0" encoding="UTF-8"?>
<testng-results ignored="1" total="5" passed="4" failed="0" skipped="0">
  <reporter-output>
  </reporter-output>
  <suite started-at="2024-01-24T23:40:44 GMT" name="Swag Test Suite" finished-at="2024-01-24T23:41:21 GMT" duration-ms="37080">
    <groups>
    </groups>
    <test started-at="2024-01-24T23:40:44 GMT" name="Test" finished-at="2024-01-24T23:41:21 GMT" duration-ms="37080">
      <class name="com.testcases.LoginPageTest">
        <test-method is-config="true" signature="getBrowserURL()[pri:0, instance:com.testcases.LoginPageTest@7f485fda]" started-at="2024-01-24T23:40:44 GMT" name="getBrowserURL" finished-at="2024-01-24T23:40:44 GMT" duration-ms="27" status="PASS">
          <reporter-output>
          </reporter-output>
        </test-method> <!-- getBrowserURL -->
        <test-method is-config="true" signature="setUp()[pri:0, instance:com.testcases.LoginPageTest@7f485fda]" started-at="2024-01-24T23:40:44 GMT" name="setUp" finished-at="2024-01-24T23:40:48 GMT" duration-ms="3586" status="PASS">
          <reporter-output>
          </reporter-output>
        </test-method> <!-- setUp -->
        <test-method signature="verifyInValidLogin(java.lang.String,java.lang.String,java.lang.reflect.Method)[pri:0, instance:com.testcases.LoginPageTest@7f485fda]" started-at="2024-01-24T23:40:48 GMT" name="verifyInValidLogin" finished-at="2024-01-24T23:40:48 GMT" duration-ms="807" status="PASS">
          <params>
            <param index="0">
              <value>
                <![CDATA[standard_Invaliduser]]>
              </value>
            </param>
            <param index="1">
              <value>
                <![CDATA[secret_Invalidpwd]]>
              </value>
            </param>
            <param index="2">
              <value>
                <![CDATA[public void com.testcases.LoginPageTest.verifyInValidLogin(java.lang.String,java.lang.String,java.lang.reflect.Method)]]>
              </value>
            </param>
          </params>
          <reporter-output>
          </reporter-output>
        </test-method> <!-- verifyInValidLogin -->
        <test-method is-config="true" signature="tearDown()[pri:0, instance:com.testcases.LoginPageTest@7f485fda]" started-at="2024-01-24T23:40:48 GMT" name="tearDown" finished-at="2024-01-24T23:40:49 GMT" duration-ms="248" status="PASS">
          <reporter-output>
          </reporter-output>
        </test-method> <!-- tearDown -->
        <test-method is-config="true" signature="setUp()[pri:0, instance:com.testcases.LoginPageTest@7f485fda]" started-at="2024-01-24T23:40:50 GMT" name="setUp" finished-at="2024-01-24T23:40:52 GMT" duration-ms="2467" status="PASS">
          <reporter-output>
          </reporter-output>
        </test-method> <!-- setUp -->
        <test-method signature="verifyLogin(java.lang.String,java.lang.String,java.lang.String,java.lang.reflect.Method)[pri:0, instance:com.testcases.LoginPageTest@7f485fda]" started-at="2024-01-24T23:40:52 GMT" name="verifyLogin" data-provider="testdata" finished-at="2024-01-24T23:40:53 GMT" duration-ms="1004" status="PASS">
          <params>
            <param index="0">
              <value>
                <![CDATA[standard_user]]>
              </value>
            </param>
            <param index="1">
              <value>
                <![CDATA[secret_sauce]]>
              </value>
            </param>
            <param index="2">
              <value>
                <![CDATA[pass]]>
              </value>
            </param>
            <param index="3">
              <value>
                <![CDATA[public void com.testcases.LoginPageTest.verifyLogin(java.lang.String,java.lang.String,java.lang.String,java.lang.reflect.Method)]]>
              </value>
            </param>
          </params>
          <reporter-output>
          </reporter-output>
        </test-method> <!-- verifyLogin -->
        <test-method is-config="true" signature="tearDown()[pri:0, instance:com.testcases.LoginPageTest@7f485fda]" started-at="2024-01-24T23:40:53 GMT" name="tearDown" finished-at="2024-01-24T23:40:54 GMT" duration-ms="304" status="PASS">
          <reporter-output>
          </reporter-output>
        </test-method> <!-- tearDown -->
        <test-method is-config="true" signature="setUp()[pri:0, instance:com.testcases.LoginPageTest@7f485fda]" started-at="2024-01-24T23:40:54 GMT" name="setUp" finished-at="2024-01-24T23:40:56 GMT" duration-ms="2315" status="PASS">
          <reporter-output>
          </reporter-output>
        </test-method> <!-- setUp -->
        <test-method signature="verifyLogin(java.lang.String,java.lang.String,java.lang.String,java.lang.reflect.Method)[pri:0, instance:com.testcases.LoginPageTest@7f485fda]" started-at="2024-01-24T23:40:56 GMT" name="verifyLogin" data-provider="testdata" finished-at="2024-01-24T23:41:17 GMT" duration-ms="20969" status="PASS">
          <params>
            <param index="0">
              <value>
                <![CDATA[standard_Invaliduser]]>
              </value>
            </param>
            <param index="1">
              <value>
                <![CDATA[secret_Invalidpwd]]>
              </value>
            </param>
            <param index="2">
              <value>
                <![CDATA[fail]]>
              </value>
            </param>
            <param index="3">
              <value>
                <![CDATA[public void com.testcases.LoginPageTest.verifyLogin(java.lang.String,java.lang.String,java.lang.String,java.lang.reflect.Method)]]>
              </value>
            </param>
          </params>
          <reporter-output>
          </reporter-output>
        </test-method> <!-- verifyLogin -->
        <test-method is-config="true" signature="tearDown()[pri:0, instance:com.testcases.LoginPageTest@7f485fda]" started-at="2024-01-24T23:41:17 GMT" name="tearDown" finished-at="2024-01-24T23:41:17 GMT" duration-ms="350" status="PASS">
          <reporter-output>
          </reporter-output>
        </test-method> <!-- tearDown -->
        <test-method is-config="true" signature="setUp()[pri:0, instance:com.testcases.LoginPageTest@7f485fda]" started-at="2024-01-24T23:41:17 GMT" name="setUp" finished-at="2024-01-24T23:41:20 GMT" duration-ms="2508" status="PASS">
          <reporter-output>
          </reporter-output>
        </test-method> <!-- setUp -->
        <test-method signature="verifyValidLogin(java.lang.String,java.lang.String,java.lang.reflect.Method)[pri:0, instance:com.testcases.LoginPageTest@7f485fda]" started-at="2024-01-24T23:41:20 GMT" name="verifyValidLogin" finished-at="2024-01-24T23:41:21 GMT" duration-ms="938" status="PASS">
          <params>
            <param index="0">
              <value>
                <![CDATA[standard_user]]>
              </value>
            </param>
            <param index="1">
              <value>
                <![CDATA[secret_sauce]]>
              </value>
            </param>
            <param index="2">
              <value>
                <![CDATA[public void com.testcases.LoginPageTest.verifyValidLogin(java.lang.String,java.lang.String,java.lang.reflect.Method)]]>
              </value>
            </param>
          </params>
          <reporter-output>
          </reporter-output>
        </test-method> <!-- verifyValidLogin -->
        <test-method is-config="true" signature="tearDown()[pri:0, instance:com.testcases.LoginPageTest@7f485fda]" started-at="2024-01-24T23:41:21 GMT" name="tearDown" finished-at="2024-01-24T23:41:21 GMT" duration-ms="316" status="PASS">
          <reporter-output>
          </reporter-output>
        </test-method> <!-- tearDown -->
      </class> <!-- com.testcases.LoginPageTest -->
    </test> <!-- Test -->
  </suite> <!-- Swag Test Suite -->
</testng-results>
